<?xml version="1.0" encoding="UTF-8"?>
<!-- Generated by org.testng.reporters.JUnitReportReporter -->
<testsuite hostname="DESKTOP-3T17BOV" failures="0" tests="1" name="com.qa.gorest.tests.CircuitTest" time="1.341" errors="0" timestamp="2024-04-30T16:14:03 IST" skipped="0">
  <testcase classname="com.qa.gorest.tests.CircuitTest" name="getAllUsersTest" time="1.341"/>
</testsuite> <!-- com.qa.gorest.tests.CircuitTest -->
