<?xml version="1.0" encoding="UTF-8"?>
<!-- Generated by org.testng.reporters.JUnitReportReporter -->
<testsuite hostname="DESKTOP-3T17BOV" failures="0" tests="3" name="com.qa.gorest.tests.GetUserTest" time="0.772" errors="0" timestamp="2024-04-30T13:41:37 IST" skipped="0">
  <testcase classname="com.qa.gorest.tests.GetUserTest" name="getUserWithQueryParamTest" time="0.282"/>
  <testcase classname="com.qa.gorest.tests.GetUserTest" name="getUserTest" time="0.229"/>
  <testcase classname="com.qa.gorest.tests.GetUserTest" name="getAllUsersTest" time="0.261"/>
</testsuite> <!-- com.qa.gorest.tests.GetUserTest -->
