<?xml version="1.0" encoding="UTF-8"?>
<!-- Generated by org.testng.reporters.JUnitReportReporter -->
<testsuite hostname="DESKTOP-3T17BOV" failures="0" tests="3" name="com.qa.gorest.tests.CreateUserTest" time="1.691" errors="0" timestamp="2024-04-30T13:41:37 IST" skipped="0">
  <testcase classname="com.qa.gorest.tests.CreateUserTest" name="createUserTest" time="0.518"/>
  <testcase classname="com.qa.gorest.tests.CreateUserTest" name="createUserTest" time="0.509"/>
  <testcase classname="com.qa.gorest.tests.CreateUserTest" name="createUserTest" time="0.664"/>
</testsuite> <!-- com.qa.gorest.tests.CreateUserTest -->
