<?xml version="1.0" encoding="UTF-8"?>
<!-- Generated by org.testng.reporters.JUnitReportReporter -->
<testsuite hostname="DESKTOP-3T17BOV" failures="0" tests="1" name="com.qa.gorest.tests.ReqResAPITest" time="0.095" errors="0" timestamp="2024-04-30T13:41:37 IST" skipped="0">
  <testcase classname="com.qa.gorest.tests.ReqResAPITest" name="getReqResUsersTest" time="0.095"/>
</testsuite> <!-- com.qa.gorest.tests.ReqResAPITest -->
